2026-06-14 09:43:53.930 -04 [11900] LOG:  starting PostgreSQL 18.3 on x86_64-windows, compiled by msvc-19.44.35222, 64-bit
2026-06-14 09:43:53.934 -04 [11900] LOG:  listening on IPv6 address "::1", port 5432
2026-06-14 09:43:53.934 -04 [11900] LOG:  listening on IPv4 address "127.0.0.1", port 5432
2026-06-14 09:43:54.025 -04 [18532] LOG:  database system was interrupted; last known up at 2026-06-14 09:42:19 -04
2026-06-14 09:43:58.461 -04 [18532] LOG:  database system was not properly shut down; automatic recovery in progress
2026-06-14 09:43:58.468 -04 [18532] LOG:  invalid record length at 0/647F0A0: expected at least 24, got 0
2026-06-14 09:43:58.468 -04 [18532] LOG:  redo is not required
2026-06-14 09:43:58.478 -04 [11096] LOG:  checkpoint starting: end-of-recovery immediate wait
2026-06-14 09:43:58.492 -04 [11096] LOG:  checkpoint complete: wrote 0 buffers (0.0%), wrote 3 SLRU buffers; 0 WAL file(s) added, 0 removed, 0 recycled; write=0.002 s, sync=0.002 s, total=0.017 s; sync files=2, longest=0.001 s, average=0.001 s; distance=0 kB, estimate=0 kB; lsn=0/647F0A0, redo lsn=0/647F0A0
2026-06-14 09:43:58.500 -04 [11900] LOG:  database system is ready to accept connections
2026-06-14 09:44:50.019 -04 [11920] LOG:  starting PostgreSQL 18.3 on x86_64-windows, compiled by msvc-19.44.35222, 64-bit
2026-06-14 09:44:50.023 -04 [11920] LOG:  listening on IPv6 address "::1", port 5432
2026-06-14 09:44:50.023 -04 [11920] LOG:  listening on IPv4 address "127.0.0.1", port 5432
2026-06-14 09:44:50.110 -04 [22044] LOG:  database system was interrupted; last known up at 2026-06-14 09:43:58 -04
2026-06-14 09:44:54.650 -04 [22044] LOG:  database system was not properly shut down; automatic recovery in progress
2026-06-14 09:44:54.662 -04 [22044] LOG:  invalid record length at 0/647F118: expected at least 24, got 0
2026-06-14 09:44:54.662 -04 [22044] LOG:  redo is not required
2026-06-14 09:44:54.753 -04 [23052] LOG:  checkpoint starting: end-of-recovery immediate wait
2026-06-14 09:44:54.766 -04 [23052] LOG:  checkpoint complete: wrote 0 buffers (0.0%), wrote 3 SLRU buffers; 0 WAL file(s) added, 0 removed, 0 recycled; write=0.003 s, sync=0.003 s, total=0.096 s; sync files=2, longest=0.002 s, average=0.002 s; distance=0 kB, estimate=0 kB; lsn=0/647F118, redo lsn=0/647F118
2026-06-14 09:44:54.772 -04 [11920] LOG:  database system is ready to accept connections
2026-06-14 11:18:46.723 -04 [6732] LOG:  starting PostgreSQL 18.3 on x86_64-windows, compiled by msvc-19.44.35222, 64-bit
2026-06-14 11:18:46.727 -04 [6732] LOG:  listening on IPv6 address "::1", port 5432
2026-06-14 11:18:46.727 -04 [6732] LOG:  listening on IPv4 address "127.0.0.1", port 5432
2026-06-14 11:18:46.937 -04 [19064] LOG:  database system was interrupted; last known up at 2026-06-14 11:08:46 -04
2026-06-14 11:18:53.212 -04 [19064] LOG:  database system was not properly shut down; automatic recovery in progress
2026-06-14 11:18:53.221 -04 [19064] LOG:  redo starts at 0/6A29048
2026-06-14 11:18:53.223 -04 [19064] LOG:  invalid record length at 0/6A2C030: expected at least 24, got 0
2026-06-14 11:18:53.223 -04 [19064] LOG:  redo done at 0/6A2BFE0 system usage: CPU: user: 0.00 s, system: 0.00 s, elapsed: 0.00 s
2026-06-14 11:18:53.232 -04 [23444] LOG:  checkpoint starting: end-of-recovery immediate wait
2026-06-14 11:18:53.249 -04 [23444] LOG:  checkpoint complete: wrote 3 buffers (0.0%), wrote 3 SLRU buffers; 0 WAL file(s) added, 0 removed, 0 recycled; write=0.003 s, sync=0.005 s, total=0.018 s; sync files=4, longest=0.002 s, average=0.002 s; distance=12 kB, estimate=12 kB; lsn=0/6A2C030, redo lsn=0/6A2C030
2026-06-14 11:18:53.255 -04 [6732] LOG:  database system is ready to accept connections
